<?xml version="1.0" encoding="UTF-8"?>
<testsuites>
    <testsuite name="verify-the-add-new-user-scenario-as-a-maker,checker-and-aa-in-system-admin;add-new-user-as-a-maker-and-approve-as-a-checker" tests="6" failures="0" skipped="0">
        <properties>
            <property name="@BO-AddNewUser" value="true">
            </property>
            <property name="URI" value="c:/ReGov/omni-bo-automation/features/addnewuser-makerchecker.feature">
            </property>
        </properties>
        <testcase name="Given Omni url is provided and login page is displayed" classname="verify-the-add-new-user-scenario-as-a-maker,checker-and-aa-in-system-admin;add-new-user-as-a-maker-and-approve-as-a-checker" time="6.8931659">
        </testcase>
        <testcase name="Then Login as &quot;Maker&quot;" classname="verify-the-add-new-user-scenario-as-a-maker,checker-and-aa-in-system-admin;add-new-user-as-a-maker-and-approve-as-a-checker" time="5.9596877">
        </testcase>
        <testcase name="Then Click the Add User button from All Users tab and add a new user to &quot;Approve&quot;" classname="verify-the-add-new-user-scenario-as-a-maker,checker-and-aa-in-system-admin;add-new-user-as-a-maker-and-approve-as-a-checker" time="35.3295077">
        </testcase>
        <testcase name="And Click Logout" classname="verify-the-add-new-user-scenario-as-a-maker,checker-and-aa-in-system-admin;add-new-user-as-a-maker-and-approve-as-a-checker" time="1.3563599">
        </testcase>
        <testcase name="Then Login as &quot;Checker&quot;" classname="verify-the-add-new-user-scenario-as-a-maker,checker-and-aa-in-system-admin;add-new-user-as-a-maker-and-approve-as-a-checker" time="3.2440924">
        </testcase>
        <testcase name="And &quot;Approve&quot; the user" classname="verify-the-add-new-user-scenario-as-a-maker,checker-and-aa-in-system-admin;add-new-user-as-a-maker-and-approve-as-a-checker" time="43.3043785">
        </testcase>
    </testsuite>
    <testsuite name="verify-the-add-new-user-scenario-as-a-maker,checker-and-aa-in-system-admin;suspend-a-new-user-as-a-maker-and-approve-as-a-checker" tests="6" failures="0" skipped="0">
        <properties>
            <property name="@BO-AddNewUser" value="true">
            </property>
            <property name="URI" value="c:/ReGov/omni-bo-automation/features/addnewuser-makerchecker.feature">
            </property>
        </properties>
        <testcase name="Given Omni url is provided and login page is displayed" classname="verify-the-add-new-user-scenario-as-a-maker,checker-and-aa-in-system-admin;suspend-a-new-user-as-a-maker-and-approve-as-a-checker" time="7.9657574">
        </testcase>
        <testcase name="Then Login as &quot;Maker&quot;" classname="verify-the-add-new-user-scenario-as-a-maker,checker-and-aa-in-system-admin;suspend-a-new-user-as-a-maker-and-approve-as-a-checker" time="5.6466887">
        </testcase>
        <testcase name="And &quot;Suspend&quot; the user as a &quot;Maker&quot;" classname="verify-the-add-new-user-scenario-as-a-maker,checker-and-aa-in-system-admin;suspend-a-new-user-as-a-maker-and-approve-as-a-checker" time="35.8121853">
        </testcase>
        <testcase name="And Click Logout" classname="verify-the-add-new-user-scenario-as-a-maker,checker-and-aa-in-system-admin;suspend-a-new-user-as-a-maker-and-approve-as-a-checker" time="1.3098955">
        </testcase>
        <testcase name="Then Login as &quot;Checker&quot;" classname="verify-the-add-new-user-scenario-as-a-maker,checker-and-aa-in-system-admin;suspend-a-new-user-as-a-maker-and-approve-as-a-checker" time="3.6165654">
        </testcase>
        <testcase name="And &quot;Suspend&quot; the user" classname="verify-the-add-new-user-scenario-as-a-maker,checker-and-aa-in-system-admin;suspend-a-new-user-as-a-maker-and-approve-as-a-checker" time="43.315543">
        </testcase>
    </testsuite>
    <testsuite name="verify-the-add-new-user-scenario-as-a-maker,checker-and-aa-in-system-admin;reactivate-a-suspended-user-as-a-maker-and-approve-as-a-checker" tests="6" failures="0" skipped="0">
        <properties>
            <property name="@BO-AddNewUser" value="true">
            </property>
            <property name="URI" value="c:/ReGov/omni-bo-automation/features/addnewuser-makerchecker.feature">
            </property>
        </properties>
        <testcase name="Given Omni url is provided and login page is displayed" classname="verify-the-add-new-user-scenario-as-a-maker,checker-and-aa-in-system-admin;reactivate-a-suspended-user-as-a-maker-and-approve-as-a-checker" time="7.9676702">
        </testcase>
        <testcase name="Then Login as &quot;Maker&quot;" classname="verify-the-add-new-user-scenario-as-a-maker,checker-and-aa-in-system-admin;reactivate-a-suspended-user-as-a-maker-and-approve-as-a-checker" time="5.8434676">
        </testcase>
        <testcase name="And &quot;Reactivate&quot; the user as a &quot;Maker&quot;" classname="verify-the-add-new-user-scenario-as-a-maker,checker-and-aa-in-system-admin;reactivate-a-suspended-user-as-a-maker-and-approve-as-a-checker" time="35.8079408">
        </testcase>
        <testcase name="And Click Logout" classname="verify-the-add-new-user-scenario-as-a-maker,checker-and-aa-in-system-admin;reactivate-a-suspended-user-as-a-maker-and-approve-as-a-checker" time="1.2912859">
        </testcase>
        <testcase name="Then Login as &quot;Checker&quot;" classname="verify-the-add-new-user-scenario-as-a-maker,checker-and-aa-in-system-admin;reactivate-a-suspended-user-as-a-maker-and-approve-as-a-checker" time="3.2855057">
        </testcase>
        <testcase name="And &quot;Reactivate&quot; the user" classname="verify-the-add-new-user-scenario-as-a-maker,checker-and-aa-in-system-admin;reactivate-a-suspended-user-as-a-maker-and-approve-as-a-checker" time="43.276701">
        </testcase>
    </testsuite>
    <testsuite name="verify-the-add-new-user-scenario-as-a-maker,checker-and-aa-in-system-admin;terminate-an-active-user-as-a-maker-and-approve-as-a-checker" tests="6" failures="0" skipped="0">
        <properties>
            <property name="@BO-AddNewUser" value="true">
            </property>
            <property name="URI" value="c:/ReGov/omni-bo-automation/features/addnewuser-makerchecker.feature">
            </property>
        </properties>
        <testcase name="Given Omni url is provided and login page is displayed" classname="verify-the-add-new-user-scenario-as-a-maker,checker-and-aa-in-system-admin;terminate-an-active-user-as-a-maker-and-approve-as-a-checker" time="6.0169608">
        </testcase>
        <testcase name="Then Login as &quot;Maker&quot;" classname="verify-the-add-new-user-scenario-as-a-maker,checker-and-aa-in-system-admin;terminate-an-active-user-as-a-maker-and-approve-as-a-checker" time="6.5435732">
        </testcase>
        <testcase name="And &quot;Terminate&quot; the user as a &quot;Maker&quot;" classname="verify-the-add-new-user-scenario-as-a-maker,checker-and-aa-in-system-admin;terminate-an-active-user-as-a-maker-and-approve-as-a-checker" time="35.7611724">
        </testcase>
        <testcase name="And Click Logout" classname="verify-the-add-new-user-scenario-as-a-maker,checker-and-aa-in-system-admin;terminate-an-active-user-as-a-maker-and-approve-as-a-checker" time="1.3016739">
        </testcase>
        <testcase name="Then Login as &quot;Checker&quot;" classname="verify-the-add-new-user-scenario-as-a-maker,checker-and-aa-in-system-admin;terminate-an-active-user-as-a-maker-and-approve-as-a-checker" time="3.4698967">
        </testcase>
        <testcase name="And &quot;Terminate&quot; the user" classname="verify-the-add-new-user-scenario-as-a-maker,checker-and-aa-in-system-admin;terminate-an-active-user-as-a-maker-and-approve-as-a-checker" time="43.4191165">
        </testcase>
    </testsuite>
    <testsuite name="verify-the-add-new-user-scenario-as-a-maker,checker-and-aa-in-system-admin;add-new-user-as-a-maker-and-reject-as-a-checker" tests="6" failures="0" skipped="0">
        <properties>
            <property name="@BO-AddNewUser" value="true">
            </property>
            <property name="URI" value="c:/ReGov/omni-bo-automation/features/addnewuser-makerchecker.feature">
            </property>
        </properties>
        <testcase name="Given Omni url is provided and login page is displayed" classname="verify-the-add-new-user-scenario-as-a-maker,checker-and-aa-in-system-admin;add-new-user-as-a-maker-and-reject-as-a-checker" time="6.2221029">
        </testcase>
        <testcase name="Then Login as &quot;Maker&quot;" classname="verify-the-add-new-user-scenario-as-a-maker,checker-and-aa-in-system-admin;add-new-user-as-a-maker-and-reject-as-a-checker" time="5.5327915">
        </testcase>
        <testcase name="Then Click the Add User button from All Users tab and add a new user to &quot;Reject&quot;" classname="verify-the-add-new-user-scenario-as-a-maker,checker-and-aa-in-system-admin;add-new-user-as-a-maker-and-reject-as-a-checker" time="35.3527101">
        </testcase>
        <testcase name="And Click Logout" classname="verify-the-add-new-user-scenario-as-a-maker,checker-and-aa-in-system-admin;add-new-user-as-a-maker-and-reject-as-a-checker" time="1.3788856">
        </testcase>
        <testcase name="Then Login as &quot;Checker&quot;" classname="verify-the-add-new-user-scenario-as-a-maker,checker-and-aa-in-system-admin;add-new-user-as-a-maker-and-reject-as-a-checker" time="3.2883169">
        </testcase>
        <testcase name="And &quot;Reject&quot; the user" classname="verify-the-add-new-user-scenario-as-a-maker,checker-and-aa-in-system-admin;add-new-user-as-a-maker-and-reject-as-a-checker" time="43.5747697">
        </testcase>
    </testsuite>
    <testsuite name="verify-the-add-new-user-scenario-as-a-maker,checker-and-aa-in-system-admin;add-new-user-as-an-aa" tests="3" failures="0" skipped="0">
        <properties>
            <property name="@BO-AddNewUser" value="true">
            </property>
            <property name="URI" value="c:/ReGov/omni-bo-automation/features/addnewuser-makerchecker.feature">
            </property>
        </properties>
        <testcase name="Given Omni url is provided and login page is displayed" classname="verify-the-add-new-user-scenario-as-a-maker,checker-and-aa-in-system-admin;add-new-user-as-an-aa" time="7.4923795">
        </testcase>
        <testcase name="Then Login as &quot;AA&quot;" classname="verify-the-add-new-user-scenario-as-a-maker,checker-and-aa-in-system-admin;add-new-user-as-an-aa" time="5.7845425">
        </testcase>
        <testcase name="Then Click the Add User button from All Users tab and add a new user to &quot;AA&quot;" classname="verify-the-add-new-user-scenario-as-a-maker,checker-and-aa-in-system-admin;add-new-user-as-an-aa" time="35.1587633">
        </testcase>
    </testsuite>
    <testsuite name="verify-the-add-new-user-scenario-as-a-maker,checker-and-aa-in-system-admin;suspend-new-user-as-an-aa" tests="3" failures="0" skipped="0">
        <properties>
            <property name="@BO-AddNewUser" value="true">
            </property>
            <property name="URI" value="c:/ReGov/omni-bo-automation/features/addnewuser-makerchecker.feature">
            </property>
        </properties>
        <testcase name="Given Omni url is provided and login page is displayed" classname="verify-the-add-new-user-scenario-as-a-maker,checker-and-aa-in-system-admin;suspend-new-user-as-an-aa" time="5.9059559">
        </testcase>
        <testcase name="Then Login as &quot;AA&quot;" classname="verify-the-add-new-user-scenario-as-a-maker,checker-and-aa-in-system-admin;suspend-new-user-as-an-aa" time="5.4004278">
        </testcase>
        <testcase name="And &quot;Suspend&quot; the user as a &quot;AA&quot;" classname="verify-the-add-new-user-scenario-as-a-maker,checker-and-aa-in-system-admin;suspend-new-user-as-an-aa" time="34.4686189">
        </testcase>
    </testsuite>
    <testsuite name="verify-the-add-new-user-scenario-as-a-maker,checker-and-aa-in-system-admin;reactivate-new-user-as-an-aa" tests="3" failures="0" skipped="0">
        <properties>
            <property name="@BO-AddNewUser" value="true">
            </property>
            <property name="URI" value="c:/ReGov/omni-bo-automation/features/addnewuser-makerchecker.feature">
            </property>
        </properties>
        <testcase name="Given Omni url is provided and login page is displayed" classname="verify-the-add-new-user-scenario-as-a-maker,checker-and-aa-in-system-admin;reactivate-new-user-as-an-aa" time="5.5706649">
        </testcase>
        <testcase name="Then Login as &quot;AA&quot;" classname="verify-the-add-new-user-scenario-as-a-maker,checker-and-aa-in-system-admin;reactivate-new-user-as-an-aa" time="5.6725837">
        </testcase>
        <testcase name="And &quot;Reactivate&quot; the user as a &quot;AA&quot;" classname="verify-the-add-new-user-scenario-as-a-maker,checker-and-aa-in-system-admin;reactivate-new-user-as-an-aa" time="34.5009805">
        </testcase>
    </testsuite>
    <testsuite name="verify-the-add-new-user-scenario-as-a-maker,checker-and-aa-in-system-admin;terminate-new-user-as-an-aa" tests="3" failures="0" skipped="0">
        <properties>
            <property name="@BO-AddNewUser" value="true">
            </property>
            <property name="URI" value="c:/ReGov/omni-bo-automation/features/addnewuser-makerchecker.feature">
            </property>
        </properties>
        <testcase name="Given Omni url is provided and login page is displayed" classname="verify-the-add-new-user-scenario-as-a-maker,checker-and-aa-in-system-admin;terminate-new-user-as-an-aa" time="5.6318719">
        </testcase>
        <testcase name="Then Login as &quot;AA&quot;" classname="verify-the-add-new-user-scenario-as-a-maker,checker-and-aa-in-system-admin;terminate-new-user-as-an-aa" time="5.4833316">
        </testcase>
        <testcase name="And &quot;Terminate&quot; the user as a &quot;AA&quot;" classname="verify-the-add-new-user-scenario-as-a-maker,checker-and-aa-in-system-admin;terminate-new-user-as-an-aa" time="34.4672809">
        </testcase>
    </testsuite>
</testsuites>