<?xml version="1.0" encoding="UTF-8"?>
<testsuites>
    <testsuite name="verify-the-add-new-user-scenario-as-a-maker,checker-and-aa-in-system-admin;add-new-user-as-a-maker,checker" tests="7" failures="0" skipped="0">
        <properties>
            <property name="@BO-AddNewUser" value="true">
            </property>
            <property name="URI" value="c:/ReGov/omni-bo-automation/features/addnewuser-makerchecker.feature">
            </property>
        </properties>
        <testcase name="Given Omni url is provided and login page is displayed" classname="verify-the-add-new-user-scenario-as-a-maker,checker-and-aa-in-system-admin;add-new-user-as-a-maker,checker" time="9.603952">
        </testcase>
        <testcase name="Then Login as &quot;Maker&quot;" classname="verify-the-add-new-user-scenario-as-a-maker,checker-and-aa-in-system-admin;add-new-user-as-a-maker,checker" time="8.0588405">
        </testcase>
        <testcase name="Then Click the Add User button from All Users tab and add a new user as &quot;Maker&quot;" classname="verify-the-add-new-user-scenario-as-a-maker,checker-and-aa-in-system-admin;add-new-user-as-a-maker,checker" time="36.1533911">
        </testcase>
        <testcase name="And Click Logout" classname="verify-the-add-new-user-scenario-as-a-maker,checker-and-aa-in-system-admin;add-new-user-as-a-maker,checker" time="1.4877868">
        </testcase>
        <testcase name="Then Login as &quot;Checker&quot;" classname="verify-the-add-new-user-scenario-as-a-maker,checker-and-aa-in-system-admin;add-new-user-as-a-maker,checker" time="3.7679586">
        </testcase>
        <testcase name="And Approve the new user" classname="verify-the-add-new-user-scenario-as-a-maker,checker-and-aa-in-system-admin;add-new-user-as-a-maker,checker" time="44.2695948">
        </testcase>
        <testcase name="And Click Logout" classname="verify-the-add-new-user-scenario-as-a-maker,checker-and-aa-in-system-admin;add-new-user-as-a-maker,checker" time="1.4436271">
        </testcase>
    </testsuite>
    <testsuite name="verify-the-add-new-user-scenario-as-a-maker,checker-and-aa-in-system-admin;add-new-user-as-an-aa" tests="4" failures="0" skipped="0">
        <properties>
            <property name="@BO-AddNewUser" value="true">
            </property>
            <property name="URI" value="c:/ReGov/omni-bo-automation/features/addnewuser-makerchecker.feature">
            </property>
        </properties>
        <testcase name="Given Omni url is provided and login page is displayed" classname="verify-the-add-new-user-scenario-as-a-maker,checker-and-aa-in-system-admin;add-new-user-as-an-aa" time="7.6658802">
        </testcase>
        <testcase name="Then Login as &quot;AA&quot;" classname="verify-the-add-new-user-scenario-as-a-maker,checker-and-aa-in-system-admin;add-new-user-as-an-aa" time="6.9495578">
        </testcase>
        <testcase name="Then Click the Add User button from All Users tab and add a new user as &quot;AA&quot;" classname="verify-the-add-new-user-scenario-as-a-maker,checker-and-aa-in-system-admin;add-new-user-as-an-aa" time="35.7630779">
        </testcase>
        <testcase name="And Click Logout" classname="verify-the-add-new-user-scenario-as-a-maker,checker-and-aa-in-system-admin;add-new-user-as-an-aa" time="1.5795507">
        </testcase>
    </testsuite>
</testsuites>